info: ::1 - - [17/Dec/2023:13:40:39 +0000] "POST /api/v1/users/login HTTP/1.1" 500 67 "-" "PostmanRuntime/7.36.0"

info: ::1 - - [17/Dec/2023:13:40:54 +0000] "POST /api/v1/note HTTP/1.1" 500 67 "-" "PostmanRuntime/7.36.0"

info: ::1 - - [17/Dec/2023:13:42:04 +0000] "POST /api/v1/token HTTP/1.1" 500 67 "-" "PostmanRuntime/7.36.0"

info: ::1 - - [17/Dec/2023:13:42:08 +0000] "POST /api/v1/ HTTP/1.1" 500 67 "-" "PostmanRuntime/7.36.0"

info: ::1 - - [17/Dec/2023:13:42:11 +0000] "POST /api/v1/note HTTP/1.1" 500 67 "-" "PostmanRuntime/7.36.0"

info: ::1 - - [17/Dec/2023:14:18:36 +0000] "POST /api/v1/note HTTP/1.1" 400 51 "-" "PostmanRuntime/7.36.0"

info: ::1 - - [17/Dec/2023:14:18:44 +0000] "GET /api/v1/note HTTP/1.1" 200 452 "-" "PostmanRuntime/7.36.0"

info: ::1 - - [17/Dec/2023:14:18:56 +0000] "POST /api/v1/users/login HTTP/1.1" 201 329 "-" "PostmanRuntime/7.36.0"

info: ::1 - - [17/Dec/2023:14:19:15 +0000] "POST /api/v1/users/register HTTP/1.1" 400 58 "-" "PostmanRuntime/7.36.0"

info: ::1 - - [17/Dec/2023:14:19:21 +0000] "POST /api/v1/users/register HTTP/1.1" 201 335 "-" "PostmanRuntime/7.36.0"

info: ::1 - - [17/Dec/2023:14:21:47 +0000] "POST /api/v1/users/register HTTP/1.1" 400 334 "-" "PostmanRuntime/7.36.0"

info: ::1 - - [17/Dec/2023:14:24:17 +0000] "POST /api/v1/users/register HTTP/1.1" 400 333 "-" "PostmanRuntime/7.36.0"

info: ::1 - - [17/Dec/2023:14:26:04 +0000] "POST /api/v1/users/register HTTP/1.1" 400 59 "-" "PostmanRuntime/7.36.0"

info: ::1 - - [17/Dec/2023:14:27:20 +0000] "POST /api/v1/users/register HTTP/1.1" 400 80 "-" "PostmanRuntime/7.36.0"

info: ::1 - - [17/Dec/2023:14:30:01 +0000] "POST /api/v1/users/register HTTP/1.1" 200 14 "-" "PostmanRuntime/7.36.0"

info: ::1 - - [17/Dec/2023:14:31:24 +0000] "POST /api/v1/users/register HTTP/1.1" 200 14 "-" "PostmanRuntime/7.36.0"

info: ::1 - - [17/Dec/2023:14:32:29 +0000] "POST /api/v1/users/register HTTP/1.1" 201 333 "-" "PostmanRuntime/7.36.0"

info: ::1 - - [17/Dec/2023:14:33:10 +0000] "POST /api/v1/users/register HTTP/1.1" 200 471 "-" "PostmanRuntime/7.36.0"

info: ::1 - - [17/Dec/2023:14:39:15 +0000] "GET /api/v1/ HTTP/1.1" 200 9 "-" "PostmanRuntime/7.36.0"

info: ::1 - - [17/Dec/2023:14:54:31 +0000] "GET /api/v1/ HTTP/1.1" 200 29 "-" "PostmanRuntime/7.36.0"

info: ::1 - - [17/Dec/2023:14:59:23 +0000] "GET /api/v1/ HTTP/1.1" 200 29 "-" "PostmanRuntime/7.36.0"

info: ::1 - - [17/Dec/2023:14:59:35 +0000] "POST /api/v1/users/login HTTP/1.1" 400 58 "-" "PostmanRuntime/7.36.0"

info: ::1 - - [17/Dec/2023:14:59:45 +0000] "POST /api/v1/users/login HTTP/1.1" 400 58 "-" "PostmanRuntime/7.36.0"

info: ::1 - - [17/Dec/2023:14:59:54 +0000] "POST /api/v1/users/login HTTP/1.1" 400 58 "-" "PostmanRuntime/7.36.0"

info: ::1 - - [17/Dec/2023:14:59:56 +0000] "POST /api/v1/users/login HTTP/1.1" 400 58 "-" "PostmanRuntime/7.36.0"

info: ::1 - - [17/Dec/2023:15:00:59 +0000] "POST /api/v1/users/login HTTP/1.1" 400 58 "-" "PostmanRuntime/7.36.0"

info: ::1 - - [17/Dec/2023:15:01:03 +0000] "POST /api/v1/users/login HTTP/1.1" 400 58 "-" "PostmanRuntime/7.36.0"

info: ::1 - - [17/Dec/2023:15:01:18 +0000] "POST /api/v1/users/login HTTP/1.1" 400 56 "-" "PostmanRuntime/7.36.0"

info: ::1 - - [17/Dec/2023:15:02:05 +0000] "POST /api/v1/users/register HTTP/1.1" 201 340 "-" "PostmanRuntime/7.36.0"

info: ::1 - - [17/Dec/2023:15:02:12 +0000] "POST /api/v1/users/login HTTP/1.1" 400 333 "-" "PostmanRuntime/7.36.0"

info: ::1 - - [17/Dec/2023:15:03:18 +0000] "POST /api/v1/users/login HTTP/1.1" 200 480 "-" "PostmanRuntime/7.36.0"

info: ::1 - - [17/Dec/2023:15:03:39 +0000] "POST /api/v1/users/login HTTP/1.1" 400 58 "-" "PostmanRuntime/7.36.0"

info: ::1 - - [17/Dec/2023:15:04:11 +0000] "POST /api/v1/users/login HTTP/1.1" 400 59 "-" "PostmanRuntime/7.36.0"

info: ::1 - - [17/Dec/2023:15:04:40 +0000] "POST /api/v1/users/login HTTP/1.1" 400 54 "-" "PostmanRuntime/7.36.0"

info: ::1 - - [17/Dec/2023:15:04:46 +0000] "POST /api/v1/users/login HTTP/1.1" 200 480 "-" "PostmanRuntime/7.36.0"

info: ::1 - - [17/Dec/2023:15:05:06 +0000] "GET /api/v1/ HTTP/1.1" 200 29 "-" "PostmanRuntime/7.36.0"

info: ::1 - - [17/Dec/2023:15:05:08 +0000] "GET /api/v1/ HTTP/1.1" 200 29 "-" "PostmanRuntime/7.36.0"

info: ::1 - - [17/Dec/2023:15:05:24 +0000] "GET /api/v1/ HTTP/1.1" 200 29 "-" "PostmanRuntime/7.36.0"

info: ::1 - - [17/Dec/2023:15:06:57 +0000] "GET /api/v1/ HTTP/1.1" 200 29 "-" "PostmanRuntime/7.36.0"

info: ::1 - - [17/Dec/2023:15:06:58 +0000] "GET /api/v1/ HTTP/1.1" 200 29 "-" "PostmanRuntime/7.36.0"

info: ::1 - - [17/Dec/2023:15:07:10 +0000] "POST /api/v1/users/login HTTP/1.1" 200 480 "-" "PostmanRuntime/7.36.0"

info: ::1 - - [17/Dec/2023:15:07:27 +0000] "GET /api/v1/ HTTP/1.1" 200 29 "-" "PostmanRuntime/7.36.0"

info: ::1 - - [17/Dec/2023:15:07:43 +0000] "GET /api/v1/ HTTP/1.1" 200 29 "-" "PostmanRuntime/7.36.0"

info: ::1 - - [17/Dec/2023:15:07:45 +0000] "GET /api/v1/ HTTP/1.1" 200 29 "-" "PostmanRuntime/7.36.0"

info: ::1 - - [17/Dec/2023:15:08:14 +0000] "GET /api/v1/ HTTP/1.1" 200 29 "-" "PostmanRuntime/7.36.0"

info: ::1 - - [17/Dec/2023:15:08:29 +0000] "GET /api/v1/ HTTP/1.1" 500 54 "-" "PostmanRuntime/7.36.0"

info: ::1 - - [17/Dec/2023:15:09:20 +0000] "GET /api/v1/ HTTP/1.1" 500 54 "-" "PostmanRuntime/7.36.0"

info: ::1 - - [17/Dec/2023:15:09:37 +0000] "GET /api/v1/ HTTP/1.1" 500 54 "-" "PostmanRuntime/7.36.0"

info: ::1 - - [17/Dec/2023:15:09:38 +0000] "GET /api/v1/ HTTP/1.1" 500 54 "-" "PostmanRuntime/7.36.0"

info: ::1 - - [17/Dec/2023:15:09:48 +0000] "GET /api/v1/ HTTP/1.1" 500 54 "-" "PostmanRuntime/7.36.0"

info: ::1 - - [17/Dec/2023:15:10:08 +0000] "GET /api/v1/ HTTP/1.1" 500 54 "-" "PostmanRuntime/7.36.0"

info: ::1 - - [17/Dec/2023:15:10:09 +0000] "GET /api/v1/ HTTP/1.1" 500 54 "-" "PostmanRuntime/7.36.0"

info: ::1 - - [17/Dec/2023:15:10:10 +0000] "GET /api/v1/ HTTP/1.1" 500 54 "-" "PostmanRuntime/7.36.0"

info: ::1 - - [17/Dec/2023:15:10:15 +0000] "POST /api/v1/users/login HTTP/1.1" 400 333 "-" "PostmanRuntime/7.36.0"

info: ::1 - - [17/Dec/2023:15:10:36 +0000] "POST /api/v1/users/login HTTP/1.1" 200 480 "-" "PostmanRuntime/7.36.0"

info: ::1 - - [17/Dec/2023:15:10:54 +0000] "GET /api/v1/ HTTP/1.1" 500 54 "-" "PostmanRuntime/7.36.0"

info: ::1 - - [17/Dec/2023:15:11:00 +0000] "GET /api/v1/ HTTP/1.1" 500 54 "-" "PostmanRuntime/7.36.0"

info: ::1 - - [17/Dec/2023:15:16:53 +0000] "GET /api/v1/ HTTP/1.1" 200 29 "-" "PostmanRuntime/7.36.0"

info: ::1 - - [17/Dec/2023:15:16:59 +0000] "GET /api/v1/ HTTP/1.1" 200 29 "-" "PostmanRuntime/7.36.0"

info: ::1 - - [17/Dec/2023:15:17:17 +0000] "GET /api/v1/ HTTP/1.1" 200 29 "-" "PostmanRuntime/7.36.0"

info: ::1 - - [17/Dec/2023:15:17:45 +0000] "GET /api/v1/ HTTP/1.1" 500 54 "-" "PostmanRuntime/7.36.0"

info: ::1 - - [17/Dec/2023:15:18:29 +0000] "GET /api/v1/ HTTP/1.1" 200 29 "-" "PostmanRuntime/7.36.0"

info: ::1 - - [17/Dec/2023:15:18:55 +0000] "GET /api/v1/ HTTP/1.1" 500 54 "-" "PostmanRuntime/7.36.0"

info: ::1 - - [17/Dec/2023:15:20:38 +0000] "GET /api/v1/ HTTP/1.1" 500 64 "-" "PostmanRuntime/7.36.0"

info: ::1 - - [17/Dec/2023:15:23:57 +0000] "GET /api/v1/ HTTP/1.1" 200 9 "-" "PostmanRuntime/7.36.0"

info: ::1 - - [17/Dec/2023:15:24:03 +0000] "GET /api/v1/ HTTP/1.1" 200 29 "-" "PostmanRuntime/7.36.0"

info: ::1 - - [17/Dec/2023:15:24:07 +0000] "GET /api/v1/ HTTP/1.1" 200 9 "-" "PostmanRuntime/7.36.0"

info: ::1 - - [17/Dec/2023:15:24:14 +0000] "GET /api/v1/ HTTP/1.1" 200 9 "-" "PostmanRuntime/7.36.0"

info: ::1 - - [17/Dec/2023:15:24:20 +0000] "GET /api/v1/ HTTP/1.1" 200 9 "-" "PostmanRuntime/7.36.0"

info: ::1 - - [17/Dec/2023:15:24:54 +0000] "GET /api/v1/ HTTP/1.1" 200 9 "-" "PostmanRuntime/7.36.0"

info: ::1 - - [17/Dec/2023:15:27:27 +0000] "GET /api/v1/ HTTP/1.1" 200 9 "-" "PostmanRuntime/7.36.0"

info: ::1 - - [17/Dec/2023:15:27:37 +0000] "GET /api/v1/ HTTP/1.1" 200 9 "-" "PostmanRuntime/7.36.0"

info: ::1 - - [17/Dec/2023:15:27:43 +0000] "GET /api/v1/ HTTP/1.1" 200 9 "-" "PostmanRuntime/7.36.0"

info: ::1 - - [17/Dec/2023:15:29:22 +0000] "GET /api/v1/ HTTP/1.1" 200 9 "-" "PostmanRuntime/7.36.0"

info: ::1 - - [17/Dec/2023:15:29:53 +0000] "POST /api/v1/users/login HTTP/1.1" 400 333 "-" "PostmanRuntime/7.36.0"

info: ::1 - - [17/Dec/2023:15:32:58 +0000] "POST /api/v1/users/login HTTP/1.1" 400 333 "-" "PostmanRuntime/7.36.0"

info: ::1 - - [17/Dec/2023:15:33:58 +0000] "GET /api/v1/ HTTP/1.1" 500 51 "-" "PostmanRuntime/7.36.0"

info: ::1 - - [17/Dec/2023:15:34:00 +0000] "GET /api/v1/ HTTP/1.1" 500 51 "-" "PostmanRuntime/7.36.0"

info: ::1 - - [17/Dec/2023:15:34:02 +0000] "GET /api/v1/ HTTP/1.1" 500 51 "-" "PostmanRuntime/7.36.0"

info: ::1 - - [17/Dec/2023:15:34:13 +0000] "GET /api/v1/ HTTP/1.1" 200 29 "-" "PostmanRuntime/7.36.0"

info: ::1 - - [17/Dec/2023:15:34:20 +0000] "GET /api/v1/ HTTP/1.1" 200 29 "-" "PostmanRuntime/7.36.0"

info: ::1 - - [17/Dec/2023:15:35:11 +0000] "POST /api/v1/users/login HTTP/1.1" 200 480 "-" "PostmanRuntime/7.36.0"

info: ::1 - - [17/Dec/2023:15:35:29 +0000] "GET /api/v1/ HTTP/1.1" 200 9 "-" "PostmanRuntime/7.36.0"

info: ::1 - - [17/Dec/2023:15:35:37 +0000] "GET /api/v1/ HTTP/1.1" 500 51 "-" "PostmanRuntime/7.36.0"

info: ::1 - - [17/Dec/2023:15:35:44 +0000] "GET /api/v1/ HTTP/1.1" 200 9 "-" "PostmanRuntime/7.36.0"

info: ::1 - - [17/Dec/2023:15:37:08 +0000] "GET /api/v1/ HTTP/1.1" 200 9 "-" "PostmanRuntime/7.36.0"

info: ::1 - - [17/Dec/2023:15:37:14 +0000] "POST /api/v1/users/login HTTP/1.1" 201 812 "-" "PostmanRuntime/7.36.0"

info: ::1 - - [17/Dec/2023:15:37:56 +0000] "POST /api/v1/users/login HTTP/1.1" 400 54 "-" "PostmanRuntime/7.36.0"

info: ::1 - - [17/Dec/2023:15:38:02 +0000] "POST /api/v1/users/register HTTP/1.1" 201 340 "-" "PostmanRuntime/7.36.0"

info: ::1 - - [17/Dec/2023:15:38:08 +0000] "POST /api/v1/users/login HTTP/1.1" 201 812 "-" "PostmanRuntime/7.36.0"

info: ::1 - - [17/Dec/2023:15:38:39 +0000] "GET /api/v1/ HTTP/1.1" 200 9 "-" "PostmanRuntime/7.36.0"

info: ::1 - - [17/Dec/2023:15:38:44 +0000] "GET /api/v1/ HTTP/1.1" 200 9 "-" "PostmanRuntime/7.36.0"

info: ::1 - - [17/Dec/2023:15:38:48 +0000] "GET /api/v1/ HTTP/1.1" 500 51 "-" "PostmanRuntime/7.36.0"

info: ::1 - - [17/Dec/2023:15:38:56 +0000] "GET /api/v1/ HTTP/1.1" 500 51 "-" "PostmanRuntime/7.36.0"

info: ::1 - - [17/Dec/2023:15:39:00 +0000] "GET /api/v1/ HTTP/1.1" 200 9 "-" "PostmanRuntime/7.36.0"

info: ::1 - - [17/Dec/2023:15:39:48 +0000] "GET /api/v1/ HTTP/1.1" 500 63 "-" "PostmanRuntime/7.36.0"

info: ::1 - - [17/Dec/2023:15:39:50 +0000] "GET /api/v1/ HTTP/1.1" 500 63 "-" "PostmanRuntime/7.36.0"

info: ::1 - - [17/Dec/2023:15:40:36 +0000] "GET /api/v1/ HTTP/1.1" 500 63 "-" "PostmanRuntime/7.36.0"

info: ::1 - - [17/Dec/2023:15:43:02 +0000] "GET /api/v1/ HTTP/1.1" 500 63 "-" "PostmanRuntime/7.36.0"

info: ::1 - - [17/Dec/2023:15:43:55 +0000] "GET /api/v1/ HTTP/1.1" 200 320 "-" "PostmanRuntime/7.36.0"

info: ::1 - - [17/Dec/2023:15:44:19 +0000] "GET /api/v1/ HTTP/1.1" 200 319 "-" "PostmanRuntime/7.36.0"

info: ::1 - - [17/Dec/2023:15:44:36 +0000] "GET /api/v1/ HTTP/1.1" 200 320 "-" "PostmanRuntime/7.36.0"

